<?xml version="1.0" encoding="UTF-8"?>
<coverage generated="1770877223797" clover="3.2.0">
  <project timestamp="1770877223797" name="All files">
    <metrics statements="3" coveredstatements="3" conditionals="2" coveredconditionals="2" methods="2" coveredmethods="2" elements="7" coveredelements="7" complexity="0" loc="3" ncloc="3" packages="2" files="2" classes="2"/>
    <package name="Success">
      <metrics statements="1" coveredstatements="1" conditionals="2" coveredconditionals="2" methods="1" coveredmethods="1"/>
      <file name="index.tsx" path="C:\Users\saxavet.qocayev\Desktop\react-testing-library\react-testing-library\src\components\Success\index.tsx">
        <metrics statements="1" coveredstatements="1" conditionals="2" coveredconditionals="2" methods="1" coveredmethods="1"/>
        <line num="6" count="2" type="cond" truecount="2" falsecount="0"/>
      </file>
    </package>
    <package name="application">
      <metrics statements="2" coveredstatements="2" conditionals="0" coveredconditionals="0" methods="1" coveredmethods="1"/>
      <file name="index.tsx" path="C:\Users\saxavet.qocayev\Desktop\react-testing-library\react-testing-library\src\components\application\index.tsx">
        <metrics statements="2" coveredstatements="2" conditionals="0" coveredconditionals="0" methods="1" coveredmethods="1"/>
        <line num="1" count="1" type="stmt"/>
        <line num="2" count="1" type="stmt"/>
      </file>
    </package>
  </project>
</coverage>
