<?xml version="1.0" encoding="UTF-8"?>
<coverage generated="1771509822145" clover="3.2.0">
  <project timestamp="1771509822145" name="All files">
    <metrics statements="13" coveredstatements="13" conditionals="5" coveredconditionals="5" methods="7" coveredmethods="7" elements="25" coveredelements="25" complexity="0" loc="13" ncloc="13" packages="4" files="4" classes="4"/>
    <package name="components.Success">
      <metrics statements="1" coveredstatements="1" conditionals="2" coveredconditionals="2" methods="1" coveredmethods="1"/>
      <file name="index.tsx" path="C:\Users\saxavet.qocayev\Desktop\react-testing-library\react-testing-library\src\components\Success\index.tsx">
        <metrics statements="1" coveredstatements="1" conditionals="2" coveredconditionals="2" methods="1" coveredmethods="1"/>
        <line num="6" count="2" type="cond" truecount="2" falsecount="0"/>
      </file>
    </package>
    <package name="components.application">
      <metrics statements="2" coveredstatements="2" conditionals="0" coveredconditionals="0" methods="1" coveredmethods="1"/>
      <file name="index.tsx" path="C:\Users\saxavet.qocayev\Desktop\react-testing-library\react-testing-library\src\components\application\index.tsx">
        <metrics statements="2" coveredstatements="2" conditionals="0" coveredconditionals="0" methods="1" coveredmethods="1"/>
        <line num="1" count="1" type="stmt"/>
        <line num="2" count="1" type="stmt"/>
      </file>
    </package>
    <package name="components.skills">
      <metrics statements="9" coveredstatements="9" conditionals="3" coveredconditionals="3" methods="5" coveredmethods="5"/>
      <file name="skills.tsx" path="C:\Users\saxavet.qocayev\Desktop\react-testing-library\react-testing-library\src\components\skills\skills.tsx">
        <metrics statements="9" coveredstatements="9" conditionals="3" coveredconditionals="3" methods="5" coveredmethods="5"/>
        <line num="4" count="1" type="stmt"/>
        <line num="5" count="10" type="cond" truecount="1" falsecount="0"/>
        <line num="6" count="10" type="stmt"/>
        <line num="7" count="10" type="stmt"/>
        <line num="8" count="8" type="stmt"/>
        <line num="9" count="6" type="stmt"/>
        <line num="12" count="10" type="stmt"/>
        <line num="17" count="21" type="stmt"/>
        <line num="25" count="1" type="stmt"/>
      </file>
    </package>
    <package name="data">
      <metrics statements="1" coveredstatements="1" conditionals="0" coveredconditionals="0" methods="0" coveredmethods="0"/>
      <file name="index.tsx" path="C:\Users\saxavet.qocayev\Desktop\react-testing-library\react-testing-library\src\data\index.tsx">
        <metrics statements="1" coveredstatements="1" conditionals="0" coveredconditionals="0" methods="0" coveredmethods="0"/>
        <line num="1" count="1" type="stmt"/>
      </file>
    </package>
  </project>
</coverage>
