{"C:\\Users\\saxavet.qocayev\\Desktop\\react-testing-library\\react-testing-library\\src\\components\\Success\\index.tsx": {"path":"C:\\Users\\saxavet.qocayev\\Desktop\\react-testing-library\\react-testing-library\\src\\components\\Success\\index.tsx","statementMap":{"0":{"start":{"line":6,"column":2},"end":{"line":6,"column":null}}},"fnMap":{"0":{"name":"Success","decl":{"start":{"line":5,"column":24},"end":{"line":5,"column":32}},"loc":{"start":{"line":5,"column":53},"end":{"line":7,"column":null}},"line":5}},"branchMap":{"0":{"loc":{"start":{"line":6,"column":25},"end":{"line":6,"column":68}},"type":"cond-expr","locations":[{"start":{"line":6,"column":41},"end":{"line":6,"column":58}},{"start":{"line":6,"column":58},"end":{"line":6,"column":68}}],"line":6}},"s":{"0":2},"f":{"0":2},"b":{"0":[1,1]},"meta":{"lastBranch":1,"lastFunction":1,"lastStatement":1,"seen":{"f:5:24:5:32":0,"s:6:2:6:Infinity":0,"b:6:41:6:58:6:58:6:68":0}}}
,"C:\\Users\\saxavet.qocayev\\Desktop\\react-testing-library\\react-testing-library\\src\\components\\application\\index.tsx": {"path":"C:\\Users\\saxavet.qocayev\\Desktop\\react-testing-library\\react-testing-library\\src\\components\\application\\index.tsx","statementMap":{"0":{"start":{"line":1,"column":27},"end":{"line":32,"column":null}},"1":{"start":{"line":2,"column":2},"end":{"line":30,"column":null}}},"fnMap":{"0":{"name":"(anonymous_0)","decl":{"start":{"line":1,"column":27},"end":{"line":1,"column":33}},"loc":{"start":{"line":1,"column":33},"end":{"line":32,"column":null}},"line":1}},"branchMap":{},"s":{"0":1,"1":1},"f":{"0":1},"b":{},"meta":{"lastBranch":0,"lastFunction":1,"lastStatement":2,"seen":{"s:1:27:32:Infinity":0,"f:1:27:1:33":0,"s:2:2:30:Infinity":1}}}
}
