{"C:\\Users\\saxavet.qocayev\\Desktop\\react-testing-library\\react-testing-library\\src\\App.tsx": {"path":"C:\\Users\\saxavet.qocayev\\Desktop\\react-testing-library\\react-testing-library\\src\\App.tsx","statementMap":{"0":{"start":{"line":6,"column":2},"end":{"line":18,"column":null}}},"fnMap":{"0":{"name":"App","decl":{"start":{"line":5,"column":9},"end":{"line":5,"column":15}},"loc":{"start":{"line":5,"column":15},"end":{"line":20,"column":null}},"line":5}},"branchMap":{},"s":{"0":1},"f":{"0":1},"b":{},"meta":{"lastBranch":0,"lastFunction":1,"lastStatement":1,"seen":{"f:5:9:5:15":0,"s:6:2:18:Infinity":0}}}
,"C:\\Users\\saxavet.qocayev\\Desktop\\react-testing-library\\react-testing-library\\src\\components\\Success\\index.tsx": {"path":"C:\\Users\\saxavet.qocayev\\Desktop\\react-testing-library\\react-testing-library\\src\\components\\Success\\index.tsx","statementMap":{"0":{"start":{"line":6,"column":2},"end":{"line":6,"column":null}}},"fnMap":{"0":{"name":"Success","decl":{"start":{"line":5,"column":24},"end":{"line":5,"column":32}},"loc":{"start":{"line":5,"column":53},"end":{"line":7,"column":null}},"line":5}},"branchMap":{"0":{"loc":{"start":{"line":6,"column":25},"end":{"line":6,"column":68}},"type":"cond-expr","locations":[{"start":{"line":6,"column":41},"end":{"line":6,"column":58}},{"start":{"line":6,"column":58},"end":{"line":6,"column":68}}],"line":6}},"s":{"0":2},"f":{"0":2},"b":{"0":[1,1]},"meta":{"lastBranch":1,"lastFunction":1,"lastStatement":1,"seen":{"f:5:24:5:32":0,"s:6:2:6:Infinity":0,"b:6:41:6:58:6:58:6:68":0}}}
}
